<?xml version="1.0" encoding="UTF-8"?>
<robot generator="Robot 3.0.4 (Python 3.7.0 on win32)" generated="20181002 22:59:48.183">
<suite id="s1" name="Hepsiburada" source="C:\eclipse-workspace\Hepsiburada">
<suite id="s1-s1" name="HepsiburadaTestSuite" source="C:\eclipse-workspace\Hepsiburada\HepsiburadaTestSuite.robot">
<kw name="Set Browser Environment Variable" type="setup">
<doc>Verilen tarayici degiskenini tanimlamaya yarar. Tarayiciya gore driver calistirilir.</doc>
<arguments>
<arg>${browser}</arg>
</arguments>
<kw name="Get Current Date" library="DateTime">
<doc>Returns current local or UTC time with an optional increment.</doc>
<arguments>
<arg>result_format=%d-%m-%Y %H-%M</arg>
</arguments>
<assign>
<var>${date}</var>
</assign>
<msg timestamp="20181002 22:59:48.343" level="INFO">${date} = 02-10-2018 22-59</msg>
<status status="PASS" starttime="20181002 22:59:48.342" endtime="20181002 22:59:48.343"></status>
</kw>
<kw name="Set Suite Variable" library="BuiltIn">
<doc>Makes a variable available everywhere within the scope of the current suite.</doc>
<arguments>
<arg>${outputdir}</arg>
<arg>${EXECDIR}/${date}</arg>
</arguments>
<msg timestamp="20181002 22:59:48.343" level="INFO">${outputdir} = C:\eclipse-workspace\Hepsiburada/02-10-2018 22-59</msg>
<status status="PASS" starttime="20181002 22:59:48.343" endtime="20181002 22:59:48.343"></status>
</kw>
<kw name="Run Keyword If" library="BuiltIn">
<doc>Runs the given keyword with the given arguments, if ``condition`` is true.</doc>
<arguments>
<arg>'${browser}'=='firefox'</arg>
<arg>Set Suite Variable</arg>
<arg>${driverdir}</arg>
<arg>geckodriver.exe</arg>
</arguments>
<status status="PASS" starttime="20181002 22:59:48.344" endtime="20181002 22:59:48.344"></status>
</kw>
<kw name="Run Keyword If" library="BuiltIn">
<doc>Runs the given keyword with the given arguments, if ``condition`` is true.</doc>
<arguments>
<arg>'${browser}'=='chrome'</arg>
<arg>Set Suite Variable</arg>
<arg>${driverdir}</arg>
<arg>chromedriver.exe</arg>
</arguments>
<kw name="Set Suite Variable" library="BuiltIn">
<doc>Makes a variable available everywhere within the scope of the current suite.</doc>
<arguments>
<arg>${driverdir}</arg>
<arg>chromedriver.exe</arg>
</arguments>
<msg timestamp="20181002 22:59:48.345" level="INFO">${driverdir} = chromedriver.exe</msg>
<status status="PASS" starttime="20181002 22:59:48.344" endtime="20181002 22:59:48.345"></status>
</kw>
<status status="PASS" starttime="20181002 22:59:48.344" endtime="20181002 22:59:48.345"></status>
</kw>
<kw name="Set Environment Variable" library="OperatingSystem">
<doc>Sets an environment variable to a specified value.</doc>
<arguments>
<arg>webdriver.${browser}.driver</arg>
<arg>${EXECDIR}/${driverdir}</arg>
</arguments>
<msg timestamp="20181002 22:59:48.345" level="INFO">Environment variable 'webdriver.chrome.driver' set to value 'C:\eclipse-workspace\Hepsiburada/chromedriver.exe'.</msg>
<status status="PASS" starttime="20181002 22:59:48.345" endtime="20181002 22:59:48.346"></status>
</kw>
<kw name="Set Selenium Speed" library="SeleniumLibrary">
<doc>Sets the delay that is waited after each Selenium command.</doc>
<arguments>
<arg>1 second</arg>
</arguments>
<status status="PASS" starttime="20181002 22:59:48.346" endtime="20181002 22:59:48.346"></status>
</kw>
<status status="PASS" starttime="20181002 22:59:48.342" endtime="20181002 22:59:48.346"></status>
</kw>
<test id="s1-s1-t1" name="Test Case 1">
<kw name="Open Browser" library="SeleniumLibrary">
<doc>Opens a new browser instance to the given ``url``.</doc>
<arguments>
<arg>${url}</arg>
<arg>${browser}</arg>
</arguments>
<msg timestamp="20181002 22:59:48.347" level="INFO">Opening browser 'chrome' to base url 'https://www.hepsiburada.com/'.</msg>
<status status="PASS" starttime="20181002 22:59:48.347" endtime="20181002 22:59:55.844"></status>
</kw>
<kw name="Maximize Browser Window" library="SeleniumLibrary">
<doc>Maximizes current browser window.</doc>
<status status="PASS" starttime="20181002 22:59:55.844" endtime="20181002 22:59:57.959"></status>
</kw>
<kw name="Login">
<doc>Login yapilacak email adresi, HB hesabi sifresi ve login check yapilabilmesi icin kullanici ismi istenmektedir.</doc>
<arguments>
<arg>${email}</arg>
<arg>${password}</arg>
<arg>${user_fullname}</arg>
</arguments>
<kw name="Element Should Be Visible" library="SeleniumLibrary">
<doc>Verifies that the element identified by ``locator`` is visible.</doc>
<arguments>
<arg>//*[@id="myAccount"]</arg>
</arguments>
<msg timestamp="20181002 23:00:00.009" level="INFO">Element '//*[@id="myAccount"]' is displayed.</msg>
<status status="PASS" starttime="20181002 22:59:57.962" endtime="20181002 23:00:00.009"></status>
</kw>
<kw name="Click Element" library="SeleniumLibrary">
<doc>Click element identified by ``locator``.</doc>
<arguments>
<arg>//*[@id="myAccount"]</arg>
</arguments>
<msg timestamp="20181002 23:00:00.010" level="INFO">Clicking element '//*[@id="myAccount"]'.</msg>
<kw name="Capture Page Screenshot" library="SeleniumLibrary">
<doc>Takes screenshot of the current page and embeds it into log file.</doc>
<msg timestamp="20181002 23:00:12.031" level="FAIL">WebDriverException: Message: chrome not reachable
  (Session info: chrome=69.0.3497.100)
  (Driver info: chromedriver=2.42.591088 (7b2b2dca23cca0862f674758c9a3933e685c27d5),platform=Windows NT 10.0.17134 x86_64)
</msg>
<status status="FAIL" starttime="20181002 23:00:06.022" endtime="20181002 23:00:12.031"></status>
</kw>
<msg timestamp="20181002 23:00:12.032" level="WARN">Keyword 'Capture Page Screenshot' could not be run on failure: WebDriverException: Message: chrome not reachable
  (Session info: chrome=69.0.3497.100)
  (Driver info: chromedriver=2.42.591088 (7b2b2dca23cca0862f674758c9a3933e685c27d5),platform=Windows NT 10.0.17134 x86_64)
</msg>
<msg timestamp="20181002 23:00:12.033" level="FAIL">WebDriverException: Message: chrome not reachable
  (Session info: chrome=69.0.3497.100)
  (Driver info: chromedriver=2.42.591088 (7b2b2dca23cca0862f674758c9a3933e685c27d5),platform=Windows NT 10.0.17134 x86_64)
</msg>
<status status="FAIL" starttime="20181002 23:00:00.009" endtime="20181002 23:00:12.033"></status>
</kw>
<status status="FAIL" starttime="20181002 22:59:57.960" endtime="20181002 23:00:12.034"></status>
</kw>
<kw name="Run Keyword If Test Failed" library="BuiltIn" type="teardown">
<doc>Runs the given keyword with the given arguments, if the test failed.</doc>
<arguments>
<arg>Error Case</arg>
</arguments>
<kw name="Error Case">
<doc>Hatali olan test adimi sonrasi hata ekran goruntusunun tutulacagi dizin olusturulur ve ekran goruntusu alinir.</doc>
<kw name="Create Directory" library="OperatingSystem">
<doc>Creates the specified directory.</doc>
<arguments>
<arg>${outputdir}</arg>
</arguments>
<msg timestamp="20181002 23:00:12.035" level="INFO" html="yes">Created directory '&lt;a href="file://C:\eclipse-workspace\Hepsiburada\02-10-2018 22-59"&gt;C:\eclipse-workspace\Hepsiburada\02-10-2018 22-59&lt;/a&gt;'.</msg>
<status status="PASS" starttime="20181002 23:00:12.035" endtime="20181002 23:00:12.036"></status>
</kw>
<kw name="Set Screenshot Directory" library="SeleniumLibrary">
<doc>Sets the directory for captured screenshots.</doc>
<arguments>
<arg>${outputdir}</arg>
</arguments>
<status status="PASS" starttime="20181002 23:00:12.036" endtime="20181002 23:00:12.036"></status>
</kw>
<kw name="Capture Page Screenshot" library="SeleniumLibrary">
<doc>Takes screenshot of the current page and embeds it into log file.</doc>
<arguments>
<arg>${outputdir}/error.png</arg>
</arguments>
<kw name="Capture Page Screenshot" library="SeleniumLibrary">
<doc>Takes screenshot of the current page and embeds it into log file.</doc>
<msg timestamp="20181002 23:00:24.063" level="FAIL">WebDriverException: Message: chrome not reachable
  (Session info: chrome=69.0.3497.100)
  (Driver info: chromedriver=2.42.591088 (7b2b2dca23cca0862f674758c9a3933e685c27d5),platform=Windows NT 10.0.17134 x86_64)
</msg>
<status status="FAIL" starttime="20181002 23:00:18.056" endtime="20181002 23:00:24.063"></status>
</kw>
<msg timestamp="20181002 23:00:24.064" level="WARN">Keyword 'Capture Page Screenshot' could not be run on failure: WebDriverException: Message: chrome not reachable
  (Session info: chrome=69.0.3497.100)
  (Driver info: chromedriver=2.42.591088 (7b2b2dca23cca0862f674758c9a3933e685c27d5),platform=Windows NT 10.0.17134 x86_64)
</msg>
<msg timestamp="20181002 23:00:24.065" level="FAIL">WebDriverException: Message: chrome not reachable
  (Session info: chrome=69.0.3497.100)
  (Driver info: chromedriver=2.42.591088 (7b2b2dca23cca0862f674758c9a3933e685c27d5),platform=Windows NT 10.0.17134 x86_64)
</msg>
<status status="FAIL" starttime="20181002 23:00:12.037" endtime="20181002 23:00:24.065"></status>
</kw>
<status status="FAIL" starttime="20181002 23:00:12.035" endtime="20181002 23:00:24.065"></status>
</kw>
<status status="FAIL" starttime="20181002 23:00:12.034" endtime="20181002 23:00:24.065">WebDriverException: Message: chrome not reachable
  (Session info: chrome=69.0.3497.100)
  (Driver info: chromedriver=2.42.591088 (7b2b2dca23cca0862f674758c9a3933e685c27d5),platform=Windows NT 10.0.17134 x86_64)
</status>
</kw>
<status status="FAIL" starttime="20181002 22:59:48.346" endtime="20181002 23:00:24.065" critical="yes">WebDriverException: Message: chrome not reachable
  (Session info: chrome=69.0.3497.100)
  (Driver info: chromedriver=2.42.591088 (7b2b2dca23cca0862f674758c9a3933e685c27d5),platform=Windows NT 10.0.17134 x86_64)


Also teardown failed:
WebDriverException: Message: chrome not reachable
  (Session info: chrome=69.0.3497.100)
  (Driver info: chromedriver=2.42.591088 (7b2b2dca23cca0862f674758c9a3933e685c27d5),platform=Windows NT 10.0.17134 x86_64)
</status>
</test>
<status status="FAIL" starttime="20181002 22:59:48.224" endtime="20181002 23:00:24.066"></status>
</suite>
<status status="FAIL" starttime="20181002 22:59:48.207" endtime="20181002 23:00:24.067"></status>
</suite>
<statistics>
<total>
<stat pass="0" fail="1">Critical Tests</stat>
<stat pass="0" fail="1">All Tests</stat>
</total>
<tag>
</tag>
<suite>
<stat pass="0" fail="1" id="s1" name="Hepsiburada">Hepsiburada</stat>
<stat pass="0" fail="1" id="s1-s1" name="HepsiburadaTestSuite">Hepsiburada.HepsiburadaTestSuite</stat>
</suite>
</statistics>
<errors>
<msg timestamp="20181002 23:00:12.032" level="WARN">Keyword 'Capture Page Screenshot' could not be run on failure: WebDriverException: Message: chrome not reachable
  (Session info: chrome=69.0.3497.100)
  (Driver info: chromedriver=2.42.591088 (7b2b2dca23cca0862f674758c9a3933e685c27d5),platform=Windows NT 10.0.17134 x86_64)
</msg>
<msg timestamp="20181002 23:00:24.064" level="WARN">Keyword 'Capture Page Screenshot' could not be run on failure: WebDriverException: Message: chrome not reachable
  (Session info: chrome=69.0.3497.100)
  (Driver info: chromedriver=2.42.591088 (7b2b2dca23cca0862f674758c9a3933e685c27d5),platform=Windows NT 10.0.17134 x86_64)
</msg>
</errors>
</robot>
